<?xml version="1.0" encoding="UTF-8"?>
<testng-results skipped="0" failed="0" ignored="0" total="2" passed="2">
  <reporter-output>
  </reporter-output>
  <suite name="Suite" duration-ms="30333" started-at="2020-05-11T13:51:03 IST" finished-at="2020-05-11T13:51:33 IST">
    <groups>
    </groups>
    <test name="Test2" duration-ms="26981" started-at="2020-05-11T13:51:03 IST" finished-at="2020-05-11T13:51:30 IST">
      <class name="Framework.frontEndLoginTest">
        <test-method status="PASS" signature="InIt()[pri:0, instance:Framework.frontEndLoginTest@aecb35a]" name="InIt" is-config="true" duration-ms="13127" started-at="2020-05-11T13:51:03 IST" finished-at="2020-05-11T13:51:16 IST">
          <reporter-output>
          </reporter-output>
        </test-method> <!-- InIt -->
        <test-method status="PASS" signature="frontEndLogin()[pri:0, instance:Framework.frontEndLoginTest@aecb35a]" name="frontEndLogin" duration-ms="11474" started-at="2020-05-11T13:51:16 IST" finished-at="2020-05-11T13:51:27 IST">
          <reporter-output>
          </reporter-output>
        </test-method> <!-- frontEndLogin -->
        <test-method status="PASS" signature="tearDown()[pri:0, instance:Framework.frontEndLoginTest@aecb35a]" name="tearDown" is-config="true" duration-ms="2351" started-at="2020-05-11T13:51:27 IST" finished-at="2020-05-11T13:51:30 IST">
          <reporter-output>
          </reporter-output>
        </test-method> <!-- tearDown -->
      </class> <!-- Framework.frontEndLoginTest -->
    </test> <!-- Test2 -->
    <test name="Test" duration-ms="30333" started-at="2020-05-11T13:51:03 IST" finished-at="2020-05-11T13:51:33 IST">
      <class name="Framework.backendLoginTest">
        <test-method status="PASS" signature="InIt()[pri:0, instance:Framework.backendLoginTest@7a36aefa]" name="InIt" is-config="true" duration-ms="16678" started-at="2020-05-11T13:51:03 IST" finished-at="2020-05-11T13:51:19 IST">
          <reporter-output>
          </reporter-output>
        </test-method> <!-- InIt -->
        <test-method status="PASS" signature="backendLogin(java.lang.String, java.lang.String)[pri:0, instance:Framework.backendLoginTest@7a36aefa]" name="backendLogin" duration-ms="12967" started-at="2020-05-11T13:51:19 IST" data-provider="LoginData" finished-at="2020-05-11T13:51:32 IST">
          <params>
            <param index="0">
              <value>
                <![CDATA[admin]]>
              </value>
            </param>
            <param index="1">
              <value>
                <![CDATA[i95devteam]]>
              </value>
            </param>
          </params>
          <reporter-output>
          </reporter-output>
        </test-method> <!-- backendLogin -->
        <test-method status="PASS" signature="tearDown()[pri:0, instance:Framework.backendLoginTest@7a36aefa]" name="tearDown" is-config="true" duration-ms="664" started-at="2020-05-11T13:51:32 IST" finished-at="2020-05-11T13:51:33 IST">
          <reporter-output>
          </reporter-output>
        </test-method> <!-- tearDown -->
      </class> <!-- Framework.backendLoginTest -->
    </test> <!-- Test -->
  </suite> <!-- Suite -->
</testng-results>
