<?xml version="1.0" encoding="UTF-8"?>
<testsuite xmlns:xsi="http://www.w3.org/2001/XMLSchema-instance" xsi:noNamespaceSchemaLocation="https://maven.apache.org/surefire/maven-surefire-plugin/xsd/surefire-test-report-3.0.xsd" version="3.0" name="TestSuite" time="29.511" tests="2" errors="0" skipped="0" failures="1">
  <properties>
[...]
</properties>
  <testcase name="backendLogin" classname="Framework.backendLoginTest" time="0.807">
    <failure type="java.lang.AssertionError"><![CDATA[java.lang.AssertionError
	at Framework.backendLoginTest.backendLogin(backendLoginTest.java:31)
]]></failure>
    <system-err><![CDATA[Starting ChromeDriver 81.0.4044.69 (6813546031a4bc83f717a2ef7cd4ac6ec1199132-refs/branch-heads/4044@{#776}) on port 44646
Only local connections are allowed.
Please protect ports used by ChromeDriver and related test frameworks to prevent access by malicious code.
Starting ChromeDriver 81.0.4044.69 (6813546031a4bc83f717a2ef7cd4ac6ec1199132-refs/branch-heads/4044@{#776}) on port 33612
Only local connections are allowed.
Please protect ports used by ChromeDriver and related test frameworks to prevent access by malicious code.
May 10, 2020 6:27:05 AM org.openqa.selenium.remote.ProtocolHandshake createSession
INFO: Detected dialect: W3C
May 10, 2020 6:27:05 AM org.openqa.selenium.remote.ProtocolHandshake createSession
INFO: Detected dialect: W3C
[1589072229.872][SEVERE]: Timed out receiving message from renderer: 0.100
[1589072231.257][SEVERE]: Timed out receiving message from renderer: 0.100
[1589072231.359][SEVERE]: Timed out receiving message from renderer: 0.100
[1589072231.460][SEVERE]: Timed out receiving message from renderer: 0.100
[1589072231.683][SEVERE]: Timed out receiving message from renderer: 0.100
[1589072231.785][SEVERE]: Timed out receiving message from renderer: 0.100
[1589072231.830][SEVERE]: Timed out receiving message from renderer: 0.100
[1589072231.886][SEVERE]: Timed out receiving message from renderer: 0.100
[1589072231.934][SEVERE]: Timed out receiving message from renderer: 0.100
[1589072232.036][SEVERE]: Timed out receiving message from renderer: 0.100
[1589072232.050][SEVERE]: Timed out receiving message from renderer: 0.100
[1589072232.137][SEVERE]: Timed out receiving message from renderer: 0.100
[1589072232.153][SEVERE]: Timed out receiving message from renderer: 0.100
[1589072232.241][SEVERE]: Timed out receiving message from renderer: 0.100
[1589072232.254][SEVERE]: Timed out receiving message from renderer: 0.100
[1589072232.350][SEVERE]: Timed out receiving message from renderer: 0.100
[1589072232.394][SEVERE]: Timed out receiving message from renderer: 0.100
[1589072232.451][SEVERE]: Timed out receiving message from renderer: 0.100
[1589072232.498][SEVERE]: Timed out receiving message from renderer: 0.100
[1589072232.599][SEVERE]: Timed out receiving message from renderer: 0.100
[1589072232.700][SEVERE]: Timed out receiving message from renderer: 0.100
[1589072232.801][SEVERE]: Timed out receiving message from renderer: 0.100
[1589072233.271][SEVERE]: Timed out receiving message from renderer: 0.100
[1589072233.299][SEVERE]: Timed out receiving message from renderer: 0.100
[1589072233.372][SEVERE]: Timed out receiving message from renderer: 0.100
[1589072233.400][SEVERE]: Timed out receiving message from renderer: 0.100
[1589072233.473][SEVERE]: Timed out receiving message from renderer: 0.100
[1589072233.502][SEVERE]: Timed out receiving message from renderer: 0.100
[1589072233.575][SEVERE]: Timed out receiving message from renderer: 0.100
[1589072233.603][SEVERE]: Timed out receiving message from renderer: 0.100
[1589072233.676][SEVERE]: Timed out receiving message from renderer: 0.100
[1589072233.709][SEVERE]: Timed out receiving message from renderer: 0.100
[1589072233.777][SEVERE]: Timed out receiving message from renderer: 0.100
[1589072233.810][SEVERE]: Timed out receiving message from renderer: 0.100
[1589072233.885][SEVERE]: Timed out receiving message from renderer: 0.100
[1589072233.912][SEVERE]: Timed out receiving message from renderer: 0.100
[1589072233.986][SEVERE]: Timed out receiving message from renderer: 0.100
[1589072234.014][SEVERE]: Timed out receiving message from renderer: 0.100
[1589072234.087][SEVERE]: Timed out receiving message from renderer: 0.100
[1589072234.117][SEVERE]: Timed out receiving message from renderer: 0.100
[1589072234.188][SEVERE]: Timed out receiving message from renderer: 0.100
[1589072234.218][SEVERE]: Timed out receiving message from renderer: 0.100
[1589072234.289][SEVERE]: Timed out receiving message from renderer: 0.100
[1589072234.319][SEVERE]: Timed out receiving message from renderer: 0.100
[1589072234.391][SEVERE]: Timed out receiving message from renderer: 0.100
[1589072234.420][SEVERE]: Timed out receiving message from renderer: 0.100
[1589072234.493][SEVERE]: Timed out receiving message from renderer: 0.100
[1589072234.522][SEVERE]: Timed out receiving message from renderer: 0.100
[1589072234.594][SEVERE]: Timed out receiving message from renderer: 0.100
[1589072234.694][SEVERE]: Timed out receiving message from renderer: 0.100
[1589072234.695][SEVERE]: Timed out receiving message from renderer: 0.100
[1589072234.796][SEVERE]: Timed out receiving message from renderer: 0.100
[1589072234.796][SEVERE]: Timed out receiving message from renderer: 0.100
[1589072234.897][SEVERE]: Timed out receiving message from renderer: 0.100
[1589072234.898][SEVERE]: Timed out receiving message from renderer: 0.100
[1589072234.999][SEVERE]: Timed out receiving message from renderer: 0.100
[1589072235.102][SEVERE]: Timed out receiving message from renderer: 0.100
[1589072235.204][SEVERE]: Timed out receiving message from renderer: 0.100
[1589072235.306][SEVERE]: Timed out receiving message from renderer: 0.100
[1589072235.339][SEVERE]: Timed out receiving message from renderer: 0.100
[1589072235.407][SEVERE]: Timed out receiving message from renderer: 0.100
[1589072235.506][SEVERE]: Timed out receiving message from renderer: 0.100
[1589072235.508][SEVERE]: Timed out receiving message from renderer: 0.100
[1589072235.607][SEVERE]: Timed out receiving message from renderer: 0.100
[1589072235.611][SEVERE]: Timed out receiving message from renderer: 0.100
[1589072235.709][SEVERE]: Timed out receiving message from renderer: 0.100
[1589072235.764][SEVERE]: Timed out receiving message from renderer: 0.100
[1589072235.868][SEVERE]: Timed out receiving message from renderer: 0.100
[1589072235.871][SEVERE]: Timed out receiving message from renderer: 0.100
[1589072235.971][SEVERE]: Timed out receiving message from renderer: 0.100
[1589072235.977][SEVERE]: Timed out receiving message from renderer: 0.100
[1589072236.073][SEVERE]: Timed out receiving message from renderer: 0.100
[1589072236.079][SEVERE]: Timed out receiving message from renderer: 0.100
[1589072236.176][SEVERE]: Timed out receiving message from renderer: 0.100
[1589072236.180][SEVERE]: Timed out receiving message from renderer: 0.100
[1589072236.277][SEVERE]: Timed out receiving message from renderer: 0.100
[1589072236.281][SEVERE]: Timed out receiving message from renderer: 0.100
[1589072236.379][SEVERE]: Timed out receiving message from renderer: 0.100
[1589072236.383][SEVERE]: Timed out receiving message from renderer: 0.100
[1589072236.480][SEVERE]: Timed out receiving message from renderer: 0.100
[1589072236.485][SEVERE]: Timed out receiving message from renderer: 0.100
[1589072236.594][SEVERE]: Timed out receiving message from renderer: 0.100
[1589072236.666][SEVERE]: Timed out receiving message from renderer: 0.100
[1589072236.696][SEVERE]: Timed out receiving message from renderer: 0.100
[1589072236.768][SEVERE]: Timed out receiving message from renderer: 0.100
[1589072236.799][SEVERE]: Timed out receiving message from renderer: 0.100
[1589072236.869][SEVERE]: Timed out receiving message from renderer: 0.100
[1589072236.902][SEVERE]: Timed out receiving message from renderer: 0.100
[1589072236.970][SEVERE]: Timed out receiving message from renderer: 0.100
[1589072237.041][SEVERE]: Timed out receiving message from renderer: 0.100
[1589072237.072][SEVERE]: Timed out receiving message from renderer: 0.100
[1589072237.143][SEVERE]: Timed out receiving message from renderer: 0.100
[1589072237.173][SEVERE]: Timed out receiving message from renderer: 0.100
[1589072237.244][SEVERE]: Timed out receiving message from renderer: 0.100
[1589072237.274][SEVERE]: Timed out receiving message from renderer: 0.100
[1589072237.345][SEVERE]: Timed out receiving message from renderer: 0.100
[1589072237.376][SEVERE]: Timed out receiving message from renderer: 0.100
[1589072237.446][SEVERE]: Timed out receiving message from renderer: 0.100
[1589072237.478][SEVERE]: Timed out receiving message from renderer: 0.100
[1589072237.547][SEVERE]: Timed out receiving message from renderer: 0.100
[1589072237.594][SEVERE]: Timed out receiving message from renderer: 0.100
[1589072237.741][SEVERE]: Timed out receiving message from renderer: 0.100
[1589072237.750][SEVERE]: Timed out receiving message from renderer: 0.100
[1589072237.846][SEVERE]: Timed out receiving message from renderer: 0.100
[1589072237.851][SEVERE]: Timed out receiving message from renderer: 0.100
[1589072237.948][SEVERE]: Timed out receiving message from renderer: 0.100
[1589072237.953][SEVERE]: Timed out receiving message from renderer: 0.100
[1589072238.049][SEVERE]: Timed out receiving message from renderer: 0.100
[1589072238.056][SEVERE]: Timed out receiving message from renderer: 0.100
[1589072238.151][SEVERE]: Timed out receiving message from renderer: 0.100
[1589072238.158][SEVERE]: Timed out receiving message from renderer: 0.100
[1589072238.252][SEVERE]: Timed out receiving message from renderer: 0.100
[1589072238.259][SEVERE]: Timed out receiving message from renderer: 0.100
[1589072238.364][SEVERE]: Timed out receiving message from renderer: 0.100
[1589072238.366][SEVERE]: Timed out receiving message from renderer: 0.100
[1589072238.46[1589072238.470][SEVERE]: Timed out receiving message from renderer: 0.100
9][SEVERE]: Timed out receiving message from renderer: 0.100
[1589072238.601][SEVERE]: Timed out receiving message from renderer: 0.100
[1589072238.612][SEVERE]: Timed out receiving message from renderer: 0.100
[1589072238.703][SEVERE]: Timed out receiving message from renderer: 0.100
[1589072238.713][SEVERE]: Timed out receiving message from renderer: 0.100
[1589072238.805][SEVERE]: Timed out receiving message from renderer: 0.100
[1589072238.815][SEVERE]: Timed out receiving message from renderer: 0.100
[1589072238.907][SEVERE]: Timed out receiving message from renderer: 0.100
[1589072238.918][SEVERE]: Timed out receiving message from renderer: 0.100
[1589072239.008][SEVERE]: Timed out receiving message from renderer: 0.100
[1589072239.020][SEVERE]: Timed out receiving message from renderer: 0.100
[1589072239.110][SEVERE]: Timed out receiving message from renderer: 0.100
[1589072239.121][SEVERE]: Timed out receiving message from renderer: 0.100
[1589072239.211][SEVERE]: Timed out receiving message from renderer: 0.100
[1589072239.223][SEVERE]: Timed out receiving message from renderer: 0.100
[1589072239.593][SEVERE]: Timed out receiving message from renderer: 0.100
[1589072239.695][SEVERE]: Timed out receiving message from renderer: 0.100
[1589072239.797][SEVERE]: Timed out receiving message from renderer: 0.100
[1589072239.899][SEVERE]: Timed out receiving message from renderer: 0.100
[1589072240.002][SEVERE]: Timed out receiving message from renderer: 0.100
[1589072240.104][SEVERE]: Timed out receiving message from renderer: 0.100
[1589072240.206][SEVERE]: Timed out receiving message from renderer: 0.100
[1589072240.308][SEVERE]: Timed out receiving message from renderer: 0.100
[1589072240.410][SEVERE]: Timed out receiving message from renderer: 0.100
[1589072240.511][SEVERE]: Timed out receiving message from renderer: 0.100
[1589072240.612][SEVERE]: Timed out receiving message from renderer: 0.100
[1589072240.714][SEVERE]: Timed out receiving message from renderer: 0.100
[1589072240.816][SEVERE]: Timed out receiving message from renderer: 0.100
[1589072240.917][SEVERE]: Timed out receiving message from renderer: 0.100
[1589072241.021][SEVERE]: Timed out receiving message from renderer: 0.100
[1589072241.131][SEVERE]: Timed out receiving message from renderer: 0.100
[1589072241.236][SEVERE]: Timed out receiving message from renderer: 0.100
[1589072241.338][SEVERE]: Timed out receiving message from renderer: 0.100
[1589072241.439][SEVERE]: Timed out receiving message from renderer: 0.100
[1589072241.543][SEVERE]: Timed out receiving message from renderer: 0.100
]]></system-err>
  </testcase>
  <testcase name="frontEndLogin" classname="Framework.frontEndLoginTest" time="7.17"/>
</testsuite>