<?xml version="1.0" encoding="UTF-8"?>
<testng-results skipped="0" failed="0" ignored="0" total="1" passed="1">
  <reporter-output>
  </reporter-output>
  <suite name="Default suite" duration-ms="36000" started-at="2020-05-11T13:46:09 IST" finished-at="2020-05-11T13:46:45 IST">
    <groups>
    </groups>
    <test name="Default test" duration-ms="36000" started-at="2020-05-11T13:46:09 IST" finished-at="2020-05-11T13:46:45 IST">
      <class name="Framework.backendLoginTest">
        <test-method status="PASS" signature="InIt()[pri:0, instance:Framework.backendLoginTest@74650e52]" name="InIt" is-config="true" duration-ms="9702" started-at="2020-05-11T13:46:09 IST" finished-at="2020-05-11T13:46:18 IST">
          <reporter-output>
          </reporter-output>
        </test-method> <!-- InIt -->
        <test-method status="PASS" signature="backendLogin(java.lang.String, java.lang.String)[pri:0, instance:Framework.backendLoginTest@74650e52]" name="backendLogin" duration-ms="26108" started-at="2020-05-11T13:46:18 IST" data-provider="LoginData" finished-at="2020-05-11T13:46:45 IST">
          <params>
            <param index="0">
              <value>
                <![CDATA[admin]]>
              </value>
            </param>
            <param index="1">
              <value>
                <![CDATA[i95devteam]]>
              </value>
            </param>
          </params>
          <reporter-output>
          </reporter-output>
        </test-method> <!-- backendLogin -->
        <test-method status="PASS" signature="tearDown()[pri:0, instance:Framework.backendLoginTest@74650e52]" name="tearDown" is-config="true" duration-ms="154" started-at="2020-05-11T13:46:45 IST" finished-at="2020-05-11T13:46:45 IST">
          <reporter-output>
          </reporter-output>
        </test-method> <!-- tearDown -->
      </class> <!-- Framework.backendLoginTest -->
    </test> <!-- Default test -->
  </suite> <!-- Default suite -->
</testng-results>
